[24-Feb-2025 11:38:20 UTC] PHP Warning:  Undefined variable $pdo in /home/jorge/Development/ProyectoPHPTema8/DWS08/api/login.php on line 18
[24-Feb-2025 11:38:20 UTC] PHP Fatal error:  Uncaught Error: Call to a member function prepare() on null in /home/jorge/Development/ProyectoPHPTema8/DWS08/api/login.php:18
Stack trace:
#0 {main}
  thrown in /home/jorge/Development/ProyectoPHPTema8/DWS08/api/login.php on line 18
[24-Feb-2025 11:39:15 UTC] $2y$10$S84PXrLM0X9dNZlrAl5EPehS48Bd6brc5bV4SkI7SejTnK8pREfCm
[24-Feb-2025 11:39:15 UTC] 34
[24-Feb-2025 14:34:32 UTC] $2y$10$S84PXrLM0X9dNZlrAl5EPehS48Bd6brc5bV4SkI7SejTnK8pREfCm
[24-Feb-2025 14:34:32 UTC] 34
[24-Feb-2025 14:38:35 UTC] $2y$10$S84PXrLM0X9dNZlrAl5EPehS48Bd6brc5bV4SkI7SejTnK8pREfCm
[24-Feb-2025 14:38:35 UTC] 34
[24-Feb-2025 14:40:05 UTC] $2y$10$S84PXrLM0X9dNZlrAl5EPehS48Bd6brc5bV4SkI7SejTnK8pREfCm
[24-Feb-2025 14:40:05 UTC] 34
[24-Feb-2025 15:06:40 UTC] $2y$10$S84PXrLM0X9dNZlrAl5EPehS48Bd6brc5bV4SkI7SejTnK8pREfCm
[24-Feb-2025 15:06:40 UTC] 34
[24-Feb-2025 15:07:43 UTC] $2y$10$DeqIYqhFbIP5TSAZrox47.Hgi2pEBAlsZM.zkGE2u0lbUKV8K1Efm
[24-Feb-2025 15:07:43 UTC] 17
[24-Feb-2025 15:07:53 UTC] $2y$10$DeqIYqhFbIP5TSAZrox47.Hgi2pEBAlsZM.zkGE2u0lbUKV8K1Efm
[24-Feb-2025 15:07:53 UTC] 17
[24-Feb-2025 15:07:59 UTC] PHP Warning:  Trying to access array offset on false in /home/jorge/Development/ProyectoPHPTema8/DWS08/api/login.php on line 32
[24-Feb-2025 15:07:59 UTC] 
[24-Feb-2025 15:07:59 UTC] PHP Warning:  Trying to access array offset on false in /home/jorge/Development/ProyectoPHPTema8/DWS08/api/login.php on line 33
[24-Feb-2025 15:07:59 UTC] 
[24-Feb-2025 15:08:08 UTC] $2y$10$DeqIYqhFbIP5TSAZrox47.Hgi2pEBAlsZM.zkGE2u0lbUKV8K1Efm
[24-Feb-2025 15:08:08 UTC] 17
[24-Feb-2025 15:08:12 UTC] $2y$10$S84PXrLM0X9dNZlrAl5EPehS48Bd6brc5bV4SkI7SejTnK8pREfCm
[24-Feb-2025 15:08:12 UTC] 34
[24-Feb-2025 15:08:25 UTC] $2y$10$S84PXrLM0X9dNZlrAl5EPehS48Bd6brc5bV4SkI7SejTnK8pREfCm
[24-Feb-2025 15:08:25 UTC] 34
[24-Feb-2025 15:08:39 UTC] $2y$10$S84PXrLM0X9dNZlrAl5EPehS48Bd6brc5bV4SkI7SejTnK8pREfCm
[24-Feb-2025 15:08:39 UTC] 34
[24-Feb-2025 15:13:20 UTC] $2y$10$S84PXrLM0X9dNZlrAl5EPehS48Bd6brc5bV4SkI7SejTnK8pREfCm
[24-Feb-2025 15:13:20 UTC] 34
[24-Feb-2025 15:35:21 UTC] DATOS RECIBIDOS
[24-Feb-2025 15:35:21 UTC] 123456789D
[24-Feb-2025 15:35:21 UTC] abc123.
[24-Feb-2025 15:35:21 UTC] alumno
[24-Feb-2025 15:36:45 UTC] DATOS RECIBIDOS
[24-Feb-2025 15:36:45 UTC] 123456789D
[24-Feb-2025 15:36:45 UTC] abc123.
[24-Feb-2025 15:36:45 UTC] alumno
[24-Feb-2025 15:54:23 UTC] DATOS RECIBIDOS
[24-Feb-2025 15:54:23 UTC] 123456789D
[24-Feb-2025 15:54:23 UTC] alumno
[24-Feb-2025 15:54:23 UTC] PHP Fatal error:  Uncaught TypeError: Unsupported operand types: string + string in /home/jorge/Development/ProyectoPHPTema8/DWS08/api/login.php:44
Stack trace:
#0 {main}
  thrown in /home/jorge/Development/ProyectoPHPTema8/DWS08/api/login.php on line 44
[24-Feb-2025 15:54:31 UTC] DATOS RECIBIDOS
[24-Feb-2025 15:54:31 UTC] 123456789D
[24-Feb-2025 15:54:31 UTC] alumno
[24-Feb-2025 15:54:31 UTC] PHP Fatal error:  Uncaught TypeError: Unsupported operand types: string + string in /home/jorge/Development/ProyectoPHPTema8/DWS08/api/login.php:44
Stack trace:
#0 {main}
  thrown in /home/jorge/Development/ProyectoPHPTema8/DWS08/api/login.php on line 44
[24-Feb-2025 15:57:44 UTC] DATOS RECIBIDOS
[24-Feb-2025 15:57:44 UTC] 123456789D
[24-Feb-2025 15:57:44 UTC] alumno
[24-Feb-2025 15:57:44 UTC] PHP Fatal error:  Uncaught TypeError: Unsupported operand types: string + string in /home/jorge/Development/ProyectoPHPTema8/DWS08/api/login.php:44
Stack trace:
#0 {main}
  thrown in /home/jorge/Development/ProyectoPHPTema8/DWS08/api/login.php on line 44
[24-Feb-2025 15:58:39 UTC] DATOS RECIBIDOS
[24-Feb-2025 15:58:39 UTC] 123456789D
[24-Feb-2025 15:58:39 UTC] alumno
[24-Feb-2025 15:58:39 UTC] INIT SESSION: 24/02 15:58
[24-Feb-2025 15:58:39 UTC] 40 123456789D
[24-Feb-2025 16:03:46 UTC] DATOS RECIBIDOS
[24-Feb-2025 16:03:46 UTC] 123456789D
[24-Feb-2025 16:03:46 UTC] alumno
[24-Feb-2025 16:03:46 UTC] INIT SESSION: 24/02 16:03
[24-Feb-2025 16:03:46 UTC] 40 123456789D
[24-Feb-2025 16:21:33 UTC] DATOS RECIBIDOS
[24-Feb-2025 16:21:33 UTC] 123456789D
[24-Feb-2025 16:21:33 UTC] alumno
[24-Feb-2025 16:21:33 UTC] INIT SESSION: 24/02 16:21
[24-Feb-2025 16:21:33 UTC] 40 123456789D
[24-Feb-2025 16:26:49 UTC] DATOS RECIBIDOS
[24-Feb-2025 16:26:49 UTC] 123456789D
[24-Feb-2025 16:26:49 UTC] alumno
[24-Feb-2025 16:26:49 UTC] INIT SESSION: 24/02 16:26
[24-Feb-2025 16:26:49 UTC] 40 123456789D
[24-Feb-2025 16:34:56 UTC] DATOS RECIBIDOS
[24-Feb-2025 16:34:56 UTC] 123456789D
[24-Feb-2025 16:34:56 UTC] alumno
[24-Feb-2025 16:34:56 UTC] INIT SESSION: 24/02 16:34
[24-Feb-2025 16:34:56 UTC] 40 123456789D
[24-Feb-2025 16:37:02 UTC] DATOS RECIBIDOS
[24-Feb-2025 16:37:02 UTC] 
[24-Feb-2025 16:37:02 UTC] alumno
[24-Feb-2025 16:37:02 UTC] INIT SESSION: 24/02 16:37
[24-Feb-2025 16:37:02 UTC] 17 
[24-Feb-2025 16:37:07 UTC] DATOS RECIBIDOS
[24-Feb-2025 16:37:07 UTC] 123456789D
[24-Feb-2025 16:37:07 UTC] alumno
[24-Feb-2025 16:37:07 UTC] INIT SESSION: 24/02 16:37
[24-Feb-2025 16:37:07 UTC] 40 123456789D
[24-Feb-2025 16:38:08 UTC] DATOS RECIBIDOS
[24-Feb-2025 16:38:08 UTC] 123456789D
[24-Feb-2025 16:38:08 UTC] profesor
[24-Feb-2025 16:38:08 UTC] INIT SESSION: 24/02 16:38
[24-Feb-2025 16:38:08 UTC] 7 123456789D
[24-Feb-2025 16:39:39 UTC] DATOS RECIBIDOS
[24-Feb-2025 16:39:39 UTC] 123456789D
[24-Feb-2025 16:39:39 UTC] profesor
[24-Feb-2025 16:39:39 UTC] INIT SESSION: 24/02 16:39
[24-Feb-2025 16:39:39 UTC] 7 123456789D
[24-Feb-2025 16:41:32 UTC] DATOS RECIBIDOS
[24-Feb-2025 16:41:32 UTC] 123456789D
[24-Feb-2025 16:41:32 UTC] alumno
[24-Feb-2025 16:41:32 UTC] INIT SESSION: 24/02 16:41
[24-Feb-2025 16:41:32 UTC] 40 123456789D
[25-Feb-2025 18:02:04 Europe/Berlin] DATOS RECIBIDOS
[25-Feb-2025 18:02:04 Europe/Berlin] 
[25-Feb-2025 18:02:04 Europe/Berlin] alumno
[25-Feb-2025 18:02:04 Europe/Berlin] INIT SESSION: 25/02 18:02
[25-Feb-2025 18:02:04 Europe/Berlin] PHP Warning:  Trying to access array offset on value of type bool in /home/vespertino/Escritorio/DWS08/DWS08/api/login.php on line 45
[25-Feb-2025 18:02:04 Europe/Berlin]  
[25-Feb-2025 19:32:25 Europe/Berlin] DATOS RECIBIDOS
[25-Feb-2025 19:32:25 Europe/Berlin] 87654321
[25-Feb-2025 19:32:25 Europe/Berlin] alumno
[25-Feb-2025 19:32:25 Europe/Berlin] INIT SESSION: 25/02 19:32
[25-Feb-2025 19:32:25 Europe/Berlin] 3 87654321
[26-Feb-2025 15:42:45 Europe/Berlin] DATOS RECIBIDOS
[26-Feb-2025 15:42:45 Europe/Berlin] 11111112
[26-Feb-2025 15:42:45 Europe/Berlin] alumno
[26-Feb-2025 15:42:45 Europe/Berlin] INIT SESSION: 26/02 15:42
[26-Feb-2025 15:42:45 Europe/Berlin] 4 11111112
[26-Feb-2025 16:43:37 Europe/Berlin] DATOS RECIBIDOS
[26-Feb-2025 16:43:37 Europe/Berlin] PHP Warning:  Trying to access array offset on value of type null in /home/vespertino/Escritorio/DWS08/DWS08/api/login.php on line 15
[26-Feb-2025 16:43:37 Europe/Berlin] 
[26-Feb-2025 16:43:37 Europe/Berlin] PHP Warning:  Trying to access array offset on value of type null in /home/vespertino/Escritorio/DWS08/DWS08/api/login.php on line 16
[26-Feb-2025 16:43:37 Europe/Berlin] 
[26-Feb-2025 16:44:03 Europe/Berlin] DATOS RECIBIDOS
[26-Feb-2025 16:44:03 Europe/Berlin] PHP Warning:  Trying to access array offset on value of type null in /home/vespertino/Escritorio/DWS08/DWS08/api/login.php on line 15
[26-Feb-2025 16:44:03 Europe/Berlin] 
[26-Feb-2025 16:44:03 Europe/Berlin] PHP Warning:  Trying to access array offset on value of type null in /home/vespertino/Escritorio/DWS08/DWS08/api/login.php on line 16
[26-Feb-2025 16:44:03 Europe/Berlin] 
[26-Feb-2025 16:44:06 Europe/Berlin] DATOS RECIBIDOS
[26-Feb-2025 16:44:06 Europe/Berlin] PHP Warning:  Trying to access array offset on value of type null in /home/vespertino/Escritorio/DWS08/DWS08/api/login.php on line 15
[26-Feb-2025 16:44:06 Europe/Berlin] 
[26-Feb-2025 16:44:06 Europe/Berlin] PHP Warning:  Trying to access array offset on value of type null in /home/vespertino/Escritorio/DWS08/DWS08/api/login.php on line 16
[26-Feb-2025 16:44:06 Europe/Berlin] 
[26-Feb-2025 16:44:09 Europe/Berlin] DATOS RECIBIDOS
[26-Feb-2025 16:44:09 Europe/Berlin] PHP Warning:  Trying to access array offset on value of type null in /home/vespertino/Escritorio/DWS08/DWS08/api/login.php on line 15
[26-Feb-2025 16:44:09 Europe/Berlin] 
[26-Feb-2025 16:44:09 Europe/Berlin] PHP Warning:  Trying to access array offset on value of type null in /home/vespertino/Escritorio/DWS08/DWS08/api/login.php on line 16
[26-Feb-2025 16:44:09 Europe/Berlin] 
[26-Feb-2025 16:48:06 Europe/Berlin] DATOS RECIBIDOS
[26-Feb-2025 16:48:06 Europe/Berlin] PHP Warning:  Trying to access array offset on value of type null in /home/vespertino/Escritorio/DWS08/DWS08/api/login.php on line 15
[26-Feb-2025 16:48:06 Europe/Berlin] 
[26-Feb-2025 16:48:06 Europe/Berlin] PHP Warning:  Trying to access array offset on value of type null in /home/vespertino/Escritorio/DWS08/DWS08/api/login.php on line 16
[26-Feb-2025 16:48:06 Europe/Berlin] 
[26-Feb-2025 16:50:49 Europe/Berlin] DATOS RECIBIDOS
[26-Feb-2025 16:50:49 Europe/Berlin] PHP Warning:  Trying to access array offset on value of type null in /home/vespertino/Escritorio/DWS08/DWS08/api/login.php on line 15
[26-Feb-2025 16:50:49 Europe/Berlin] 
[26-Feb-2025 16:50:49 Europe/Berlin] PHP Warning:  Trying to access array offset on value of type null in /home/vespertino/Escritorio/DWS08/DWS08/api/login.php on line 16
[26-Feb-2025 16:50:49 Europe/Berlin] 
[26-Feb-2025 16:54:54 Europe/Berlin] DATOS RECIBIDOS
[26-Feb-2025 16:54:54 Europe/Berlin] PHP Warning:  Trying to access array offset on value of type null in /home/vespertino/Escritorio/DWS08/DWS08/api/login.php on line 15
[26-Feb-2025 16:54:54 Europe/Berlin] 
[26-Feb-2025 16:54:54 Europe/Berlin] PHP Warning:  Trying to access array offset on value of type null in /home/vespertino/Escritorio/DWS08/DWS08/api/login.php on line 16
[26-Feb-2025 16:54:54 Europe/Berlin] 
[26-Feb-2025 16:58:02 Europe/Berlin] DATOS RECIBIDOS
[26-Feb-2025 16:58:02 Europe/Berlin] PHP Warning:  Trying to access array offset on value of type null in /home/vespertino/Escritorio/DWS08/DWS08/api/login.php on line 14
[26-Feb-2025 16:58:02 Europe/Berlin] 
[26-Feb-2025 16:58:02 Europe/Berlin] PHP Warning:  Trying to access array offset on value of type null in /home/vespertino/Escritorio/DWS08/DWS08/api/login.php on line 15
[26-Feb-2025 16:58:02 Europe/Berlin] 
[26-Feb-2025 17:01:26 Europe/Berlin] DATOS RECIBIDOS
[26-Feb-2025 17:01:26 Europe/Berlin] PHP Warning:  Trying to access array offset on value of type null in /home/vespertino/Escritorio/DWS08/DWS08/api/login.php on line 15
[26-Feb-2025 17:01:26 Europe/Berlin] 
[26-Feb-2025 17:01:26 Europe/Berlin] PHP Warning:  Trying to access array offset on value of type null in /home/vespertino/Escritorio/DWS08/DWS08/api/login.php on line 16
[26-Feb-2025 17:01:26 Europe/Berlin] 
[26-Feb-2025 17:07:54 Europe/Berlin] DATOS RECIBIDOS
[26-Feb-2025 17:07:54 Europe/Berlin] PHP Warning:  Trying to access array offset on value of type null in /home/vespertino/Escritorio/DWS08/DWS08/api/login.php on line 15
[26-Feb-2025 17:07:54 Europe/Berlin] 
[26-Feb-2025 17:07:54 Europe/Berlin] PHP Warning:  Trying to access array offset on value of type null in /home/vespertino/Escritorio/DWS08/DWS08/api/login.php on line 16
[26-Feb-2025 17:07:54 Europe/Berlin] 
[26-Feb-2025 17:17:42 Europe/Berlin] DATOS RECIBIDOS
[26-Feb-2025 17:17:42 Europe/Berlin] PHP Warning:  Trying to access array offset on value of type null in /home/vespertino/Escritorio/DWS08/DWS08/api/login.php on line 15
[26-Feb-2025 17:17:42 Europe/Berlin] 
[26-Feb-2025 17:17:42 Europe/Berlin] PHP Warning:  Trying to access array offset on value of type null in /home/vespertino/Escritorio/DWS08/DWS08/api/login.php on line 16
[26-Feb-2025 17:17:42 Europe/Berlin] 
[26-Feb-2025 17:17:44 Europe/Berlin] DATOS RECIBIDOS
[26-Feb-2025 17:17:44 Europe/Berlin] PHP Warning:  Trying to access array offset on value of type null in /home/vespertino/Escritorio/DWS08/DWS08/api/login.php on line 15
[26-Feb-2025 17:17:44 Europe/Berlin] 
[26-Feb-2025 17:17:44 Europe/Berlin] PHP Warning:  Trying to access array offset on value of type null in /home/vespertino/Escritorio/DWS08/DWS08/api/login.php on line 16
[26-Feb-2025 17:17:44 Europe/Berlin] 
[26-Feb-2025 17:17:45 Europe/Berlin] DATOS RECIBIDOS
[26-Feb-2025 17:17:45 Europe/Berlin] PHP Warning:  Trying to access array offset on value of type null in /home/vespertino/Escritorio/DWS08/DWS08/api/login.php on line 15
[26-Feb-2025 17:17:45 Europe/Berlin] 
[26-Feb-2025 17:17:45 Europe/Berlin] PHP Warning:  Trying to access array offset on value of type null in /home/vespertino/Escritorio/DWS08/DWS08/api/login.php on line 16
[26-Feb-2025 17:17:45 Europe/Berlin] 
[27-Feb-2025 16:38:16 Europe/Berlin] DATOS RECIBIDOS
[27-Feb-2025 16:38:16 Europe/Berlin] PHP Warning:  Trying to access array offset on value of type null in /home/vespertino/Escritorio/DWS08/DWS08/api/login.php on line 15
[27-Feb-2025 16:38:16 Europe/Berlin] 
[27-Feb-2025 16:38:16 Europe/Berlin] PHP Warning:  Trying to access array offset on value of type null in /home/vespertino/Escritorio/DWS08/DWS08/api/login.php on line 16
[27-Feb-2025 16:38:16 Europe/Berlin] 
[27-Feb-2025 16:38:34 Europe/Berlin] DATOS RECIBIDOS
[27-Feb-2025 16:38:34 Europe/Berlin] PHP Warning:  Trying to access array offset on value of type null in /home/vespertino/Escritorio/DWS08/DWS08/api/login.php on line 15
[27-Feb-2025 16:38:34 Europe/Berlin] 
[27-Feb-2025 16:38:34 Europe/Berlin] PHP Warning:  Trying to access array offset on value of type null in /home/vespertino/Escritorio/DWS08/DWS08/api/login.php on line 16
[27-Feb-2025 16:38:34 Europe/Berlin] 
[27-Feb-2025 16:40:59 Europe/Berlin] DATOS RECIBIDOS
[27-Feb-2025 16:40:59 Europe/Berlin] PHP Warning:  Trying to access array offset on value of type null in /home/vespertino/Escritorio/DWS08/DWS08/api/login.php on line 15
[27-Feb-2025 16:40:59 Europe/Berlin] 
[27-Feb-2025 16:40:59 Europe/Berlin] PHP Warning:  Trying to access array offset on value of type null in /home/vespertino/Escritorio/DWS08/DWS08/api/login.php on line 16
[27-Feb-2025 16:40:59 Europe/Berlin] 
[27-Feb-2025 16:42:18 Europe/Berlin] DATOS RECIBIDOS
[27-Feb-2025 16:42:18 Europe/Berlin] PHP Warning:  Trying to access array offset on value of type null in /home/vespertino/Escritorio/DWS08/DWS08/api/login.php on line 15
[27-Feb-2025 16:42:18 Europe/Berlin] 
[27-Feb-2025 16:42:18 Europe/Berlin] PHP Warning:  Trying to access array offset on value of type null in /home/vespertino/Escritorio/DWS08/DWS08/api/login.php on line 16
[27-Feb-2025 16:42:18 Europe/Berlin] 
[27-Feb-2025 16:44:44 Europe/Berlin] DATOS RECIBIDOS
[27-Feb-2025 16:44:44 Europe/Berlin] PHP Warning:  Trying to access array offset on value of type null in /home/vespertino/Escritorio/DWS08/DWS08/api/login.php on line 15
[27-Feb-2025 16:44:44 Europe/Berlin] 
[27-Feb-2025 16:44:44 Europe/Berlin] PHP Warning:  Trying to access array offset on value of type null in /home/vespertino/Escritorio/DWS08/DWS08/api/login.php on line 16
[27-Feb-2025 16:44:44 Europe/Berlin] 
[27-Feb-2025 16:46:17 Europe/Berlin] DATOS RECIBIDOS
[27-Feb-2025 16:46:17 Europe/Berlin] PHP Fatal error:  Uncaught TypeError: json_decode(): Argument #1 ($json) must be of type string, array given in /home/vespertino/Escritorio/DWS08/DWS08/api/login.php:14
Stack trace:
#0 /home/vespertino/Escritorio/DWS08/DWS08/api/login.php(14): json_decode()
#1 {main}
  thrown in /home/vespertino/Escritorio/DWS08/DWS08/api/login.php on line 14
[27-Feb-2025 16:46:20 Europe/Berlin] DATOS RECIBIDOS
[27-Feb-2025 16:46:20 Europe/Berlin] PHP Fatal error:  Uncaught TypeError: json_decode(): Argument #1 ($json) must be of type string, array given in /home/vespertino/Escritorio/DWS08/DWS08/api/login.php:14
Stack trace:
#0 /home/vespertino/Escritorio/DWS08/DWS08/api/login.php(14): json_decode()
#1 {main}
  thrown in /home/vespertino/Escritorio/DWS08/DWS08/api/login.php on line 14
[27-Feb-2025 16:47:01 Europe/Berlin] DATOS RECIBIDOS
[27-Feb-2025 16:47:01 Europe/Berlin] PHP Fatal error:  Uncaught TypeError: json_decode(): Argument #1 ($json) must be of type string, array given in /home/vespertino/Escritorio/DWS08/DWS08/api/login.php:14
Stack trace:
#0 /home/vespertino/Escritorio/DWS08/DWS08/api/login.php(14): json_decode()
#1 {main}
  thrown in /home/vespertino/Escritorio/DWS08/DWS08/api/login.php on line 14
[27-Feb-2025 16:47:23 Europe/Berlin] DATOS RECIBIDOS
[27-Feb-2025 16:47:23 Europe/Berlin] PHP Warning:  Trying to access array offset on value of type null in /home/vespertino/Escritorio/DWS08/DWS08/api/login.php on line 15
[27-Feb-2025 16:47:23 Europe/Berlin] 
[27-Feb-2025 16:47:23 Europe/Berlin] PHP Warning:  Trying to access array offset on value of type null in /home/vespertino/Escritorio/DWS08/DWS08/api/login.php on line 16
[27-Feb-2025 16:47:23 Europe/Berlin] 
[27-Feb-2025 16:51:09 Europe/Berlin] DATOS RECIBIDOS
[27-Feb-2025 16:51:09 Europe/Berlin] PHP Fatal error:  Uncaught TypeError: json_decode(): Argument #1 ($json) must be of type string, array given in /home/vespertino/Escritorio/DWS08/DWS08/api/login.php:14
Stack trace:
#0 /home/vespertino/Escritorio/DWS08/DWS08/api/login.php(14): json_decode()
#1 {main}
  thrown in /home/vespertino/Escritorio/DWS08/DWS08/api/login.php on line 14
[27-Feb-2025 16:53:01 Europe/Berlin] DATOS RECIBIDOS
[27-Feb-2025 16:53:01 Europe/Berlin] PHP Fatal error:  Uncaught TypeError: json_decode(): Argument #1 ($json) must be of type string, array given in /home/vespertino/Escritorio/DWS08/DWS08/api/login.php:14
Stack trace:
#0 /home/vespertino/Escritorio/DWS08/DWS08/api/login.php(14): json_decode()
#1 {main}
  thrown in /home/vespertino/Escritorio/DWS08/DWS08/api/login.php on line 14
[27-Feb-2025 16:53:03 Europe/Berlin] DATOS RECIBIDOS
[27-Feb-2025 16:53:03 Europe/Berlin] PHP Fatal error:  Uncaught TypeError: json_decode(): Argument #1 ($json) must be of type string, array given in /home/vespertino/Escritorio/DWS08/DWS08/api/login.php:14
Stack trace:
#0 /home/vespertino/Escritorio/DWS08/DWS08/api/login.php(14): json_decode()
#1 {main}
  thrown in /home/vespertino/Escritorio/DWS08/DWS08/api/login.php on line 14
[27-Feb-2025 16:53:16 Europe/Berlin] DATOS RECIBIDOS
[27-Feb-2025 16:53:16 Europe/Berlin] PHP Fatal error:  Uncaught TypeError: json_decode(): Argument #1 ($json) must be of type string, array given in /home/vespertino/Escritorio/DWS08/DWS08/api/login.php:14
Stack trace:
#0 /home/vespertino/Escritorio/DWS08/DWS08/api/login.php(14): json_decode()
#1 {main}
  thrown in /home/vespertino/Escritorio/DWS08/DWS08/api/login.php on line 14
[27-Feb-2025 16:53:18 Europe/Berlin] DATOS RECIBIDOS
[27-Feb-2025 16:53:18 Europe/Berlin] PHP Fatal error:  Uncaught TypeError: json_decode(): Argument #1 ($json) must be of type string, array given in /home/vespertino/Escritorio/DWS08/DWS08/api/login.php:14
Stack trace:
#0 /home/vespertino/Escritorio/DWS08/DWS08/api/login.php(14): json_decode()
#1 {main}
  thrown in /home/vespertino/Escritorio/DWS08/DWS08/api/login.php on line 14
[27-Feb-2025 16:54:35 Europe/Berlin] DATOS RECIBIDOS
[27-Feb-2025 16:54:35 Europe/Berlin] PHP Fatal error:  Uncaught TypeError: json_decode(): Argument #1 ($json) must be of type string, array given in /home/vespertino/Escritorio/DWS08/DWS08/api/login.php:14
Stack trace:
#0 /home/vespertino/Escritorio/DWS08/DWS08/api/login.php(14): json_decode()
#1 {main}
  thrown in /home/vespertino/Escritorio/DWS08/DWS08/api/login.php on line 14
[27-Feb-2025 16:55:27 Europe/Berlin] DATOS RECIBIDOS
[27-Feb-2025 16:55:27 Europe/Berlin] PHP Fatal error:  Uncaught TypeError: json_decode(): Argument #1 ($json) must be of type string, array given in /home/vespertino/Escritorio/DWS08/DWS08/api/login.php:14
Stack trace:
#0 /home/vespertino/Escritorio/DWS08/DWS08/api/login.php(14): json_decode()
#1 {main}
  thrown in /home/vespertino/Escritorio/DWS08/DWS08/api/login.php on line 14
[27-Feb-2025 16:56:30 Europe/Berlin] DATOS RECIBIDOS
[27-Feb-2025 16:56:30 Europe/Berlin] PHP Fatal error:  Uncaught TypeError: json_decode(): Argument #1 ($json) must be of type string, array given in /home/vespertino/Escritorio/DWS08/DWS08/api/login.php:14
Stack trace:
#0 /home/vespertino/Escritorio/DWS08/DWS08/api/login.php(14): json_decode()
#1 {main}
  thrown in /home/vespertino/Escritorio/DWS08/DWS08/api/login.php on line 14
[27-Feb-2025 16:56:49 Europe/Berlin] DATOS RECIBIDOS
[27-Feb-2025 16:56:49 Europe/Berlin] PHP Fatal error:  Uncaught TypeError: json_decode(): Argument #1 ($json) must be of type string, array given in /home/vespertino/Escritorio/DWS08/DWS08/api/login.php:14
Stack trace:
#0 /home/vespertino/Escritorio/DWS08/DWS08/api/login.php(14): json_decode()
#1 {main}
  thrown in /home/vespertino/Escritorio/DWS08/DWS08/api/login.php on line 14
[27-Feb-2025 16:57:00 Europe/Berlin] DATOS RECIBIDOS
[27-Feb-2025 16:57:00 Europe/Berlin] PHP Fatal error:  Uncaught TypeError: json_decode(): Argument #1 ($json) must be of type string, array given in /home/vespertino/Escritorio/DWS08/DWS08/api/login.php:14
Stack trace:
#0 /home/vespertino/Escritorio/DWS08/DWS08/api/login.php(14): json_decode()
#1 {main}
  thrown in /home/vespertino/Escritorio/DWS08/DWS08/api/login.php on line 14
[27-Feb-2025 16:59:15 Europe/Berlin] DATOS RECIBIDOS
[27-Feb-2025 16:59:15 Europe/Berlin] PHP Fatal error:  Uncaught TypeError: json_decode(): Argument #1 ($json) must be of type string, array given in /home/vespertino/Escritorio/DWS08/DWS08/api/login.php:14
Stack trace:
#0 /home/vespertino/Escritorio/DWS08/DWS08/api/login.php(14): json_decode()
#1 {main}
  thrown in /home/vespertino/Escritorio/DWS08/DWS08/api/login.php on line 14
[27-Feb-2025 17:00:34 Europe/Berlin] DATOS RECIBIDOS
[27-Feb-2025 17:00:34 Europe/Berlin] PHP Warning:  Trying to access array offset on value of type null in /home/vespertino/Escritorio/DWS08/DWS08/api/login.php on line 15
[27-Feb-2025 17:00:34 Europe/Berlin] 
[27-Feb-2025 17:00:34 Europe/Berlin] PHP Warning:  Trying to access array offset on value of type null in /home/vespertino/Escritorio/DWS08/DWS08/api/login.php on line 16
[27-Feb-2025 17:00:34 Europe/Berlin] 
[27-Feb-2025 17:00:59 Europe/Berlin] DATOS RECIBIDOS
[27-Feb-2025 17:00:59 Europe/Berlin] PHP Fatal error:  Uncaught TypeError: json_decode(): Argument #1 ($json) must be of type string, array given in /home/vespertino/Escritorio/DWS08/DWS08/api/login.php:14
Stack trace:
#0 /home/vespertino/Escritorio/DWS08/DWS08/api/login.php(14): json_decode()
#1 {main}
  thrown in /home/vespertino/Escritorio/DWS08/DWS08/api/login.php on line 14
[27-Feb-2025 17:02:24 Europe/Berlin] DATOS RECIBIDOS
[27-Feb-2025 17:02:24 Europe/Berlin] PHP Fatal error:  Uncaught TypeError: json_decode(): Argument #1 ($json) must be of type string, array given in /home/vespertino/Escritorio/DWS08/DWS08/api/login.php:14
Stack trace:
#0 /home/vespertino/Escritorio/DWS08/DWS08/api/login.php(14): json_decode()
#1 {main}
  thrown in /home/vespertino/Escritorio/DWS08/DWS08/api/login.php on line 14
[27-Feb-2025 17:02:30 Europe/Berlin] DATOS RECIBIDOS
[27-Feb-2025 17:02:30 Europe/Berlin] PHP Fatal error:  Uncaught TypeError: json_decode(): Argument #1 ($json) must be of type string, array given in /home/vespertino/Escritorio/DWS08/DWS08/api/login.php:14
Stack trace:
#0 /home/vespertino/Escritorio/DWS08/DWS08/api/login.php(14): json_decode()
#1 {main}
  thrown in /home/vespertino/Escritorio/DWS08/DWS08/api/login.php on line 14
[27-Feb-2025 17:03:17 Europe/Berlin] DATOS RECIBIDOS
[27-Feb-2025 17:03:17 Europe/Berlin] PHP Fatal error:  Uncaught TypeError: json_decode(): Argument #1 ($json) must be of type string, array given in /home/vespertino/Escritorio/DWS08/DWS08/api/login.php:15
Stack trace:
#0 /home/vespertino/Escritorio/DWS08/DWS08/api/login.php(15): json_decode()
#1 {main}
  thrown in /home/vespertino/Escritorio/DWS08/DWS08/api/login.php on line 15
[27-Feb-2025 17:07:10 Europe/Berlin] DATOS DECODIFICADOS: Array
(
    [DNI] => 11111112
    [password] => 12345
    [userType] => alumno
)

[27-Feb-2025 17:07:10 Europe/Berlin] 11111112
[27-Feb-2025 17:07:10 Europe/Berlin] alumno
[27-Feb-2025 17:07:10 Europe/Berlin] INIT SESSION: 27/02 17:07
[27-Feb-2025 17:07:10 Europe/Berlin] 4 11111112
[27-Feb-2025 17:08:33 Europe/Berlin] DATOS DECODIFICADOS: 
[27-Feb-2025 17:08:33 Europe/Berlin] PHP Warning:  Trying to access array offset on value of type null in /home/vespertino/Escritorio/DWS08/DWS08/api/login.php on line 14
[27-Feb-2025 17:08:33 Europe/Berlin] 
[27-Feb-2025 17:08:33 Europe/Berlin] PHP Warning:  Trying to access array offset on value of type null in /home/vespertino/Escritorio/DWS08/DWS08/api/login.php on line 15
[27-Feb-2025 17:08:33 Europe/Berlin] 
[27-Feb-2025 17:12:00 Europe/Berlin] DATOS DECODIFICADOS: 
[27-Feb-2025 17:12:00 Europe/Berlin] PHP Warning:  Trying to access array offset on value of type null in /home/vespertino/Escritorio/DWS08/DWS08/api/login.php on line 14
[27-Feb-2025 17:12:00 Europe/Berlin] 
[27-Feb-2025 17:12:00 Europe/Berlin] PHP Warning:  Trying to access array offset on value of type null in /home/vespertino/Escritorio/DWS08/DWS08/api/login.php on line 15
[27-Feb-2025 17:12:00 Europe/Berlin] 
[27-Feb-2025 17:13:11 Europe/Berlin] Error al decodificar JSON: Syntax error
[27-Feb-2025 17:13:11 Europe/Berlin] DATOS DECODIFICADOS: 
[27-Feb-2025 17:13:11 Europe/Berlin] PHP Warning:  Trying to access array offset on value of type null in /home/vespertino/Escritorio/DWS08/DWS08/api/login.php on line 17
[27-Feb-2025 17:13:11 Europe/Berlin] 
[27-Feb-2025 17:13:11 Europe/Berlin] PHP Warning:  Trying to access array offset on value of type null in /home/vespertino/Escritorio/DWS08/DWS08/api/login.php on line 18
[27-Feb-2025 17:13:11 Europe/Berlin] 
[27-Feb-2025 17:15:14 Europe/Berlin] Error al decodificar JSON: Syntax error
[27-Feb-2025 17:15:14 Europe/Berlin] DATOS DECODIFICADOS: 
[27-Feb-2025 17:15:14 Europe/Berlin] PHP Warning:  Trying to access array offset on value of type null in /home/vespertino/Escritorio/DWS08/DWS08/api/login.php on line 17
[27-Feb-2025 17:15:14 Europe/Berlin] 
[27-Feb-2025 17:15:14 Europe/Berlin] PHP Warning:  Trying to access array offset on value of type null in /home/vespertino/Escritorio/DWS08/DWS08/api/login.php on line 18
[27-Feb-2025 17:15:14 Europe/Berlin] 
[27-Feb-2025 17:16:31 Europe/Berlin] DATOS DECODIFICADOS: Array
(
    [DNI] => 11111112
    [password] => 12345
    [userType] => alumno
)

[27-Feb-2025 17:16:31 Europe/Berlin] 11111112
[27-Feb-2025 17:16:31 Europe/Berlin] alumno
[27-Feb-2025 17:16:31 Europe/Berlin] INIT SESSION: 27/02 17:16
[27-Feb-2025 17:16:31 Europe/Berlin] 4 11111112
[27-Feb-2025 17:17:12 Europe/Berlin] DATOS DECODIFICADOS: Array
(
    [DNI] => 11111112
    [password] => 12345
    [userType] => alumno
)

[27-Feb-2025 17:17:12 Europe/Berlin] 11111112
[27-Feb-2025 17:17:12 Europe/Berlin] alumno
[27-Feb-2025 17:17:12 Europe/Berlin] INIT SESSION: 27/02 17:17
[27-Feb-2025 17:17:12 Europe/Berlin] 4 11111112
[27-Feb-2025 17:35:53 Europe/Berlin] DATOS DECODIFICADOS: Array
(
    [DNI] => 11111112
    [password] => 12345
    [userType] => alumno
)

[27-Feb-2025 17:35:53 Europe/Berlin] 11111112
[27-Feb-2025 17:35:53 Europe/Berlin] alumno
[27-Feb-2025 17:35:53 Europe/Berlin] INIT SESSION: 27/02 17:35
[27-Feb-2025 17:35:53 Europe/Berlin] 4 11111112
[27-Feb-2025 17:40:22 Europe/Berlin] DATOS DECODIFICADOS: Array
(
    [DNI] => 11111112
    [password] => 12345
    [userType] => alumno
)

[27-Feb-2025 17:40:22 Europe/Berlin] 11111112
[27-Feb-2025 17:40:22 Europe/Berlin] alumno
[27-Feb-2025 17:40:22 Europe/Berlin] INIT SESSION: 27/02 17:40
[27-Feb-2025 17:40:22 Europe/Berlin] 4 11111112
[27-Feb-2025 19:57:09 Europe/Berlin] DATOS DECODIFICADOS: Array
(
    [DNI] => 11111112
    [password] => 12345
    [userType] => alumno
)

[27-Feb-2025 19:57:09 Europe/Berlin] 11111112
[27-Feb-2025 19:57:09 Europe/Berlin] alumno
[27-Feb-2025 19:57:09 Europe/Berlin] INIT SESSION: 27/02 19:57
[27-Feb-2025 19:57:09 Europe/Berlin] 4 11111112
[27-Feb-2025 19:58:35 Europe/Berlin] DATOS DECODIFICADOS: Array
(
    [DNI] => 11111112
    [password] => 12345
    [userType] => alumno
)

[27-Feb-2025 19:58:35 Europe/Berlin] 11111112
[27-Feb-2025 19:58:35 Europe/Berlin] alumno
[27-Feb-2025 19:58:35 Europe/Berlin] INIT SESSION: 27/02 19:58
[27-Feb-2025 19:58:35 Europe/Berlin] 4 11111112
[27-Feb-2025 19:59:51 Europe/Berlin] DATOS DECODIFICADOS: Array
(
    [DNI] => 11111112
    [password] => 12345
    [userType] => alumno
)

[27-Feb-2025 19:59:51 Europe/Berlin] 11111112
[27-Feb-2025 19:59:51 Europe/Berlin] alumno
[27-Feb-2025 19:59:51 Europe/Berlin] INIT SESSION: 27/02 19:59
[27-Feb-2025 19:59:51 Europe/Berlin] 4 11111112
[27-Feb-2025 20:04:57 Europe/Berlin] DATOS DECODIFICADOS: Array
(
    [DNI] => 11111112
    [password] => 12345
    [userType] => alumno
)

[27-Feb-2025 20:04:57 Europe/Berlin] 11111112
[27-Feb-2025 20:04:57 Europe/Berlin] alumno
[27-Feb-2025 20:04:57 Europe/Berlin] INIT SESSION: 27/02 20:04
[27-Feb-2025 20:04:57 Europe/Berlin] 4 11111112
[27-Feb-2025 20:48:42 Europe/Berlin] DATOS DECODIFICADOS: Array
(
    [DNI] => 11111112
    [password] => 12345
    [userType] => alumno
)

[27-Feb-2025 20:48:42 Europe/Berlin] 11111112
[27-Feb-2025 20:48:42 Europe/Berlin] alumno
[27-Feb-2025 20:48:42 Europe/Berlin] INIT SESSION: 27/02 20:48
[27-Feb-2025 20:48:42 Europe/Berlin] 4 11111112
